<?xml version="1.0" encoding="UTF-8"?>
<!-- Generated by org.testng.reporters.JUnitXMLReporter -->
<testsuite ignored="0" hostname="DESKTOP-162LP8P" failures="1" tests="1" name="Test Demo" time="0.039" errors="0" timestamp="2021-02-03T21:57:01 BDT">
  <testcase classname="com.TestNGDemo.ParametersDemo" name="parameterMethod" time="0.0">
    <failure type="org.testng.TestNGException" message="
Parameter &amp;apos;selenium&amp;apos; is required by @Test on method parameterMethod but has not been marked @Optional or defined
in F:\Training\PeopleNTech\BITM Online 4\TestAutomationBITM04\CustomFrameworkBITM04\testng.xml">
      <![CDATA[org.testng.TestNGException: 
Parameter 'selenium' is required by @Test on method parameterMethod but has not been marked @Optional or defined
in F:\Training\PeopleNTech\BITM Online 4\TestAutomationBITM04\CustomFrameworkBITM04\testng.xml
at java.base/java.util.ArrayList.forEach(ArrayList.java:1511)
... Removed 26 stack frames]]>
    </failure>
  </testcase> <!-- parameterMethod -->
</testsuite> <!-- Test Demo -->
